[2016-01-26 04:19:32] production.ERROR: exception 'Cms\Classes\CmsException' with message 'The partial 'home/tiles' is not found.' in /Users/bauwils/Documents/Local_host/Jacob_hair/modules/cms/Classes/Controller.php:837
Stack trace:
#0 /Users/bauwils/Documents/Local_host/Jacob_hair/modules/cms/Twig/Extension.php(117): Cms\Classes\Controller->renderPartial('home/tiles', Array)
#1 /Users/bauwils/Documents/Local_host/Jacob_hair/vendor/twig/twig/lib/Twig/Environment.php(403) : eval()'d code(72): Cms\Twig\Extension->partialFunction('home/tiles', Array)
#2 /Users/bauwils/Documents/Local_host/Jacob_hair/vendor/twig/twig/lib/Twig/Template.php(381): __TwigTemplate_2995a87221b5c7e3154cbcc4de1585273c3c0273bf45bce75b347cd2dd8ab565->doDisplay(Array, Array)
#3 /Users/bauwils/Documents/Local_host/Jacob_hair/vendor/twig/twig/lib/Twig/Template.php(355): Twig_Template->displayWithErrorHandling(Array, Array)
#4 /Users/bauwils/Documents/Local_host/Jacob_hair/vendor/twig/twig/lib/Twig/Template.php(366): Twig_Template->display(Array)
#5 /Users/bauwils/Documents/Local_host/Jacob_hair/modules/cms/Classes/Controller.php(380): Twig_Template->render(Array)
#6 /Users/bauwils/Documents/Local_host/Jacob_hair/modules/cms/Classes/Controller.php(208): Cms\Classes\Controller->runPage(Object(Cms\Classes\Page))
#7 /Users/bauwils/Documents/Local_host/Jacob_hair/modules/cms/Classes/CmsController.php(47): Cms\Classes\Controller->run('/')
#8 [internal function]: Cms\Classes\CmsController->run('/')
#9 /Users/bauwils/Documents/Local_host/Jacob_hair/vendor/laravel/framework/src/Illuminate/Routing/Controller.php(246): call_user_func_array(Array, Array)
#10 /Users/bauwils/Documents/Local_host/Jacob_hair/vendor/laravel/framework/src/Illuminate/Routing/ControllerDispatcher.php(162): Illuminate\Routing\Controller->callAction('run', Array)
#11 /Users/bauwils/Documents/Local_host/Jacob_hair/vendor/laravel/framework/src/Illuminate/Routing/ControllerDispatcher.php(107): Illuminate\Routing\ControllerDispatcher->call(Object(Cms\Classes\CmsController), Object(Illuminate\Routing\Route), 'run')
#12 [internal function]: Illuminate\Routing\ControllerDispatcher->Illuminate\Routing\{closure}(Object(Illuminate\Http\Request))
#13 /Users/bauwils/Documents/Local_host/Jacob_hair/vendor/laravel/framework/src/Illuminate/Pipeline/Pipeline.php(141): call_user_func(Object(Closure), Object(Illuminate\Http\Request))
#14 [internal function]: Illuminate\Pipeline\Pipeline->Illuminate\Pipeline\{closure}(Object(Illuminate\Http\Request))
#15 /Users/bauwils/Documents/Local_host/Jacob_hair/vendor/laravel/framework/src/Illuminate/Pipeline/Pipeline.php(101): call_user_func(Object(Closure), Object(Illuminate\Http\Request))
#16 /Users/bauwils/Documents/Local_host/Jacob_hair/vendor/laravel/framework/src/Illuminate/Routing/ControllerDispatcher.php(108): Illuminate\Pipeline\Pipeline->then(Object(Closure))
#17 /Users/bauwils/Documents/Local_host/Jacob_hair/vendor/laravel/framework/src/Illuminate/Routing/ControllerDispatcher.php(67): Illuminate\Routing\ControllerDispatcher->callWithinStack(Object(Cms\Classes\CmsController), Object(Illuminate\Routing\Route), Object(Illuminate\Http\Request), 'run')
#18 /Users/bauwils/Documents/Local_host/Jacob_hair/vendor/laravel/framework/src/Illuminate/Routing/Route.php(204): Illuminate\Routing\ControllerDispatcher->dispatch(Object(Illuminate\Routing\Route), Object(Illuminate\Http\Request), 'Cms\\Classes\\Cms...', 'run')
#19 /Users/bauwils/Documents/Local_host/Jacob_hair/vendor/laravel/framework/src/Illuminate/Routing/Route.php(134): Illuminate\Routing\Route->runWithCustomDispatcher(Object(Illuminate\Http\Request))
#20 /Users/bauwils/Documents/Local_host/Jacob_hair/vendor/laravel/framework/src/Illuminate/Routing/Router.php(701): Illuminate\Routing\Route->run(Object(Illuminate\Http\Request))
#21 [internal function]: Illuminate\Routing\Router->Illuminate\Routing\{closure}(Object(Illuminate\Http\Request))
#22 /Users/bauwils/Documents/Local_host/Jacob_hair/vendor/laravel/framework/src/Illuminate/Pipeline/Pipeline.php(141): call_user_func(Object(Closure), Object(Illuminate\Http\Request))
#23 [internal function]: Illuminate\Pipeline\Pipeline->Illuminate\Pipeline\{closure}(Object(Illuminate\Http\Request))
#24 /Users/bauwils/Documents/Local_host/Jacob_hair/vendor/laravel/framework/src/Illuminate/Pipeline/Pipeline.php(101): call_user_func(Object(Closure), Object(Illuminate\Http\Request))
#25 /Users/bauwils/Documents/Local_host/Jacob_hair/vendor/laravel/framework/src/Illuminate/Routing/Router.php(703): Illuminate\Pipeline\Pipeline->then(Object(Closure))
#26 /Users/bauwils/Documents/Local_host/Jacob_hair/vendor/laravel/framework/src/Illuminate/Routing/Router.php(670): Illuminate\Routing\Router->runRouteWithinStack(Object(Illuminate\Routing\Route), Object(Illuminate\Http\Request))
#27 /Users/bauwils/Documents/Local_host/Jacob_hair/vendor/laravel/framework/src/Illuminate/Routing/Router.php(628): Illuminate\Routing\Router->dispatchToRoute(Object(Illuminate\Http\Request))
#28 /Users/bauwils/Documents/Local_host/Jacob_hair/vendor/laravel/framework/src/Illuminate/Foundation/Http/Kernel.php(214): Illuminate\Routing\Router->dispatch(Object(Illuminate\Http\Request))
#29 [internal function]: Illuminate\Foundation\Http\Kernel->Illuminate\Foundation\Http\{closure}(Object(Illuminate\Http\Request))
#30 /Users/bauwils/Documents/Local_host/Jacob_hair/vendor/laravel/framework/src/Illuminate/Pipeline/Pipeline.php(141): call_user_func(Object(Closure), Object(Illuminate\Http\Request))
#31 /Users/bauwils/Documents/Local_host/Jacob_hair/vendor/laravel/framework/src/Illuminate/View/Middleware/ShareErrorsFromSession.php(55): Illuminate\Pipeline\Pipeline->Illuminate\Pipeline\{closure}(Object(Illuminate\Http\Request))
#32 /Users/bauwils/Documents/Local_host/Jacob_hair/vendor/laravel/framework/src/Illuminate/Pipeline/Pipeline.php(125): Illuminate\View\Middleware\ShareErrorsFromSession->handle(Object(Illuminate\Http\Request), Object(Closure))
#33 /Users/bauwils/Documents/Local_host/Jacob_hair/vendor/laravel/framework/src/Illuminate/Session/Middleware/StartSession.php(61): Illuminate\Pipeline\Pipeline->Illuminate\Pipeline\{closure}(Object(Illuminate\Http\Request))
#34 /Users/bauwils/Documents/Local_host/Jacob_hair/vendor/laravel/framework/src/Illuminate/Pipeline/Pipeline.php(125): Illuminate\Session\Middleware\StartSession->handle(Object(Illuminate\Http\Request), Object(Closure))
#35 /Users/bauwils/Documents/Local_host/Jacob_hair/vendor/laravel/framework/src/Illuminate/Cookie/Middleware/AddQueuedCookiesToResponse.php(36): Illuminate\Pipeline\Pipeline->Illuminate\Pipeline\{closure}(Object(Illuminate\Http\Request))
#36 /Users/bauwils/Documents/Local_host/Jacob_hair/vendor/laravel/framework/src/Illuminate/Pipeline/Pipeline.php(125): Illuminate\Cookie\Middleware\AddQueuedCookiesToResponse->handle(Object(Illuminate\Http\Request), Object(Closure))
#37 /Users/bauwils/Documents/Local_host/Jacob_hair/vendor/laravel/framework/src/Illuminate/Cookie/Middleware/EncryptCookies.php(40): Illuminate\Pipeline\Pipeline->Illuminate\Pipeline\{closure}(Object(Illuminate\Http\Request))
#38 /Users/bauwils/Documents/Local_host/Jacob_hair/vendor/laravel/framework/src/Illuminate/Pipeline/Pipeline.php(125): Illuminate\Cookie\Middleware\EncryptCookies->handle(Object(Illuminate\Http\Request), Object(Closure))
#39 /Users/bauwils/Documents/Local_host/Jacob_hair/vendor/laravel/framework/src/Illuminate/Foundation/Http/Middleware/CheckForMaintenanceMode.php(42): Illuminate\Pipeline\Pipeline->Illuminate\Pipeline\{closure}(Object(Illuminate\Http\Request))
#40 /Users/bauwils/Documents/Local_host/Jacob_hair/vendor/laravel/framework/src/Illuminate/Pipeline/Pipeline.php(125): Illuminate\Foundation\Http\Middleware\CheckForMaintenanceMode->handle(Object(Illuminate\Http\Request), Object(Closure))
#41 [internal function]: Illuminate\Pipeline\Pipeline->Illuminate\Pipeline\{closure}(Object(Illuminate\Http\Request))
#42 /Users/bauwils/Documents/Local_host/Jacob_hair/vendor/laravel/framework/src/Illuminate/Pipeline/Pipeline.php(101): call_user_func(Object(Closure), Object(Illuminate\Http\Request))
#43 /Users/bauwils/Documents/Local_host/Jacob_hair/vendor/laravel/framework/src/Illuminate/Foundation/Http/Kernel.php(115): Illuminate\Pipeline\Pipeline->then(Object(Closure))
#44 /Users/bauwils/Documents/Local_host/Jacob_hair/vendor/laravel/framework/src/Illuminate/Foundation/Http/Kernel.php(84): Illuminate\Foundation\Http\Kernel->sendRequestThroughRouter(Object(Illuminate\Http\Request))
#45 /Users/bauwils/Documents/Local_host/Jacob_hair/index.php(44): Illuminate\Foundation\Http\Kernel->handle(Object(Illuminate\Http\Request))
#46 {main}

Next exception 'Twig_Error_Runtime' with message 'An exception has been thrown during the rendering of a template ("The partial 'home/tiles' is not found.") in "/Users/bauwils/Documents/Local_host/Jacob_hair/themes/jacob_hair/layouts/Home.htm" at line 36.' in /Users/bauwils/Documents/Local_host/Jacob_hair/vendor/twig/twig/lib/Twig/Template.php:396
Stack trace:
#0 /Users/bauwils/Documents/Local_host/Jacob_hair/vendor/twig/twig/lib/Twig/Template.php(355): Twig_Template->displayWithErrorHandling(Array, Array)
#1 /Users/bauwils/Documents/Local_host/Jacob_hair/vendor/twig/twig/lib/Twig/Template.php(366): Twig_Template->display(Array)
#2 /Users/bauwils/Documents/Local_host/Jacob_hair/modules/cms/Classes/Controller.php(380): Twig_Template->render(Array)
#3 /Users/bauwils/Documents/Local_host/Jacob_hair/modules/cms/Classes/Controller.php(208): Cms\Classes\Controller->runPage(Object(Cms\Classes\Page))
#4 /Users/bauwils/Documents/Local_host/Jacob_hair/modules/cms/Classes/CmsController.php(47): Cms\Classes\Controller->run('/')
#5 [internal function]: Cms\Classes\CmsController->run('/')
#6 /Users/bauwils/Documents/Local_host/Jacob_hair/vendor/laravel/framework/src/Illuminate/Routing/Controller.php(246): call_user_func_array(Array, Array)
#7 /Users/bauwils/Documents/Local_host/Jacob_hair/vendor/laravel/framework/src/Illuminate/Routing/ControllerDispatcher.php(162): Illuminate\Routing\Controller->callAction('run', Array)
#8 /Users/bauwils/Documents/Local_host/Jacob_hair/vendor/laravel/framework/src/Illuminate/Routing/ControllerDispatcher.php(107): Illuminate\Routing\ControllerDispatcher->call(Object(Cms\Classes\CmsController), Object(Illuminate\Routing\Route), 'run')
#9 [internal function]: Illuminate\Routing\ControllerDispatcher->Illuminate\Routing\{closure}(Object(Illuminate\Http\Request))
#10 /Users/bauwils/Documents/Local_host/Jacob_hair/vendor/laravel/framework/src/Illuminate/Pipeline/Pipeline.php(141): call_user_func(Object(Closure), Object(Illuminate\Http\Request))
#11 [internal function]: Illuminate\Pipeline\Pipeline->Illuminate\Pipeline\{closure}(Object(Illuminate\Http\Request))
#12 /Users/bauwils/Documents/Local_host/Jacob_hair/vendor/laravel/framework/src/Illuminate/Pipeline/Pipeline.php(101): call_user_func(Object(Closure), Object(Illuminate\Http\Request))
#13 /Users/bauwils/Documents/Local_host/Jacob_hair/vendor/laravel/framework/src/Illuminate/Routing/ControllerDispatcher.php(108): Illuminate\Pipeline\Pipeline->then(Object(Closure))
#14 /Users/bauwils/Documents/Local_host/Jacob_hair/vendor/laravel/framework/src/Illuminate/Routing/ControllerDispatcher.php(67): Illuminate\Routing\ControllerDispatcher->callWithinStack(Object(Cms\Classes\CmsController), Object(Illuminate\Routing\Route), Object(Illuminate\Http\Request), 'run')
#15 /Users/bauwils/Documents/Local_host/Jacob_hair/vendor/laravel/framework/src/Illuminate/Routing/Route.php(204): Illuminate\Routing\ControllerDispatcher->dispatch(Object(Illuminate\Routing\Route), Object(Illuminate\Http\Request), 'Cms\\Classes\\Cms...', 'run')
#16 /Users/bauwils/Documents/Local_host/Jacob_hair/vendor/laravel/framework/src/Illuminate/Routing/Route.php(134): Illuminate\Routing\Route->runWithCustomDispatcher(Object(Illuminate\Http\Request))
#17 /Users/bauwils/Documents/Local_host/Jacob_hair/vendor/laravel/framework/src/Illuminate/Routing/Router.php(701): Illuminate\Routing\Route->run(Object(Illuminate\Http\Request))
#18 [internal function]: Illuminate\Routing\Router->Illuminate\Routing\{closure}(Object(Illuminate\Http\Request))
#19 /Users/bauwils/Documents/Local_host/Jacob_hair/vendor/laravel/framework/src/Illuminate/Pipeline/Pipeline.php(141): call_user_func(Object(Closure), Object(Illuminate\Http\Request))
#20 [internal function]: Illuminate\Pipeline\Pipeline->Illuminate\Pipeline\{closure}(Object(Illuminate\Http\Request))
#21 /Users/bauwils/Documents/Local_host/Jacob_hair/vendor/laravel/framework/src/Illuminate/Pipeline/Pipeline.php(101): call_user_func(Object(Closure), Object(Illuminate\Http\Request))
#22 /Users/bauwils/Documents/Local_host/Jacob_hair/vendor/laravel/framework/src/Illuminate/Routing/Router.php(703): Illuminate\Pipeline\Pipeline->then(Object(Closure))
#23 /Users/bauwils/Documents/Local_host/Jacob_hair/vendor/laravel/framework/src/Illuminate/Routing/Router.php(670): Illuminate\Routing\Router->runRouteWithinStack(Object(Illuminate\Routing\Route), Object(Illuminate\Http\Request))
#24 /Users/bauwils/Documents/Local_host/Jacob_hair/vendor/laravel/framework/src/Illuminate/Routing/Router.php(628): Illuminate\Routing\Router->dispatchToRoute(Object(Illuminate\Http\Request))
#25 /Users/bauwils/Documents/Local_host/Jacob_hair/vendor/laravel/framework/src/Illuminate/Foundation/Http/Kernel.php(214): Illuminate\Routing\Router->dispatch(Object(Illuminate\Http\Request))
#26 [internal function]: Illuminate\Foundation\Http\Kernel->Illuminate\Foundation\Http\{closure}(Object(Illuminate\Http\Request))
#27 /Users/bauwils/Documents/Local_host/Jacob_hair/vendor/laravel/framework/src/Illuminate/Pipeline/Pipeline.php(141): call_user_func(Object(Closure), Object(Illuminate\Http\Request))
#28 /Users/bauwils/Documents/Local_host/Jacob_hair/vendor/laravel/framework/src/Illuminate/View/Middleware/ShareErrorsFromSession.php(55): Illuminate\Pipeline\Pipeline->Illuminate\Pipeline\{closure}(Object(Illuminate\Http\Request))
#29 /Users/bauwils/Documents/Local_host/Jacob_hair/vendor/laravel/framework/src/Illuminate/Pipeline/Pipeline.php(125): Illuminate\View\Middleware\ShareErrorsFromSession->handle(Object(Illuminate\Http\Request), Object(Closure))
#30 /Users/bauwils/Documents/Local_host/Jacob_hair/vendor/laravel/framework/src/Illuminate/Session/Middleware/StartSession.php(61): Illuminate\Pipeline\Pipeline->Illuminate\Pipeline\{closure}(Object(Illuminate\Http\Request))
#31 /Users/bauwils/Documents/Local_host/Jacob_hair/vendor/laravel/framework/src/Illuminate/Pipeline/Pipeline.php(125): Illuminate\Session\Middleware\StartSession->handle(Object(Illuminate\Http\Request), Object(Closure))
#32 /Users/bauwils/Documents/Local_host/Jacob_hair/vendor/laravel/framework/src/Illuminate/Cookie/Middleware/AddQueuedCookiesToResponse.php(36): Illuminate\Pipeline\Pipeline->Illuminate\Pipeline\{closure}(Object(Illuminate\Http\Request))
#33 /Users/bauwils/Documents/Local_host/Jacob_hair/vendor/laravel/framework/src/Illuminate/Pipeline/Pipeline.php(125): Illuminate\Cookie\Middleware\AddQueuedCookiesToResponse->handle(Object(Illuminate\Http\Request), Object(Closure))
#34 /Users/bauwils/Documents/Local_host/Jacob_hair/vendor/laravel/framework/src/Illuminate/Cookie/Middleware/EncryptCookies.php(40): Illuminate\Pipeline\Pipeline->Illuminate\Pipeline\{closure}(Object(Illuminate\Http\Request))
#35 /Users/bauwils/Documents/Local_host/Jacob_hair/vendor/laravel/framework/src/Illuminate/Pipeline/Pipeline.php(125): Illuminate\Cookie\Middleware\EncryptCookies->handle(Object(Illuminate\Http\Request), Object(Closure))
#36 /Users/bauwils/Documents/Local_host/Jacob_hair/vendor/laravel/framework/src/Illuminate/Foundation/Http/Middleware/CheckForMaintenanceMode.php(42): Illuminate\Pipeline\Pipeline->Illuminate\Pipeline\{closure}(Object(Illuminate\Http\Request))
#37 /Users/bauwils/Documents/Local_host/Jacob_hair/vendor/laravel/framework/src/Illuminate/Pipeline/Pipeline.php(125): Illuminate\Foundation\Http\Middleware\CheckForMaintenanceMode->handle(Object(Illuminate\Http\Request), Object(Closure))
#38 [internal function]: Illuminate\Pipeline\Pipeline->Illuminate\Pipeline\{closure}(Object(Illuminate\Http\Request))
#39 /Users/bauwils/Documents/Local_host/Jacob_hair/vendor/laravel/framework/src/Illuminate/Pipeline/Pipeline.php(101): call_user_func(Object(Closure), Object(Illuminate\Http\Request))
#40 /Users/bauwils/Documents/Local_host/Jacob_hair/vendor/laravel/framework/src/Illuminate/Foundation/Http/Kernel.php(115): Illuminate\Pipeline\Pipeline->then(Object(Closure))
#41 /Users/bauwils/Documents/Local_host/Jacob_hair/vendor/laravel/framework/src/Illuminate/Foundation/Http/Kernel.php(84): Illuminate\Foundation\Http\Kernel->sendRequestThroughRouter(Object(Illuminate\Http\Request))
#42 /Users/bauwils/Documents/Local_host/Jacob_hair/index.php(44): Illuminate\Foundation\Http\Kernel->handle(Object(Illuminate\Http\Request))
#43 {main}  
[2016-01-26 08:24:25] production.ERROR: exception 'Cms\Classes\CmsException' with message 'The partial 'home/tiles' is not found.' in /Users/bauwils/Documents/Local_host/Jacob_hair/modules/cms/Classes/Controller.php:837
Stack trace:
#0 /Users/bauwils/Documents/Local_host/Jacob_hair/modules/cms/Twig/Extension.php(117): Cms\Classes\Controller->renderPartial('home/tiles', Array)
#1 /Users/bauwils/Documents/Local_host/Jacob_hair/vendor/twig/twig/lib/Twig/Environment.php(403) : eval()'d code(72): Cms\Twig\Extension->partialFunction('home/tiles', Array)
#2 /Users/bauwils/Documents/Local_host/Jacob_hair/vendor/twig/twig/lib/Twig/Template.php(381): __TwigTemplate_2995a87221b5c7e3154cbcc4de1585273c3c0273bf45bce75b347cd2dd8ab565->doDisplay(Array, Array)
#3 /Users/bauwils/Documents/Local_host/Jacob_hair/vendor/twig/twig/lib/Twig/Template.php(355): Twig_Template->displayWithErrorHandling(Array, Array)
#4 /Users/bauwils/Documents/Local_host/Jacob_hair/vendor/twig/twig/lib/Twig/Template.php(366): Twig_Template->display(Array)
#5 /Users/bauwils/Documents/Local_host/Jacob_hair/modules/cms/Classes/Controller.php(380): Twig_Template->render(Array)
#6 /Users/bauwils/Documents/Local_host/Jacob_hair/modules/cms/Classes/Controller.php(208): Cms\Classes\Controller->runPage(Object(Cms\Classes\Page))
#7 /Users/bauwils/Documents/Local_host/Jacob_hair/modules/cms/Classes/CmsController.php(47): Cms\Classes\Controller->run('/')
#8 [internal function]: Cms\Classes\CmsController->run('/')
#9 /Users/bauwils/Documents/Local_host/Jacob_hair/vendor/laravel/framework/src/Illuminate/Routing/Controller.php(246): call_user_func_array(Array, Array)
#10 /Users/bauwils/Documents/Local_host/Jacob_hair/vendor/laravel/framework/src/Illuminate/Routing/ControllerDispatcher.php(162): Illuminate\Routing\Controller->callAction('run', Array)
#11 /Users/bauwils/Documents/Local_host/Jacob_hair/vendor/laravel/framework/src/Illuminate/Routing/ControllerDispatcher.php(107): Illuminate\Routing\ControllerDispatcher->call(Object(Cms\Classes\CmsController), Object(Illuminate\Routing\Route), 'run')
#12 [internal function]: Illuminate\Routing\ControllerDispatcher->Illuminate\Routing\{closure}(Object(Illuminate\Http\Request))
#13 /Users/bauwils/Documents/Local_host/Jacob_hair/vendor/laravel/framework/src/Illuminate/Pipeline/Pipeline.php(141): call_user_func(Object(Closure), Object(Illuminate\Http\Request))
#14 [internal function]: Illuminate\Pipeline\Pipeline->Illuminate\Pipeline\{closure}(Object(Illuminate\Http\Request))
#15 /Users/bauwils/Documents/Local_host/Jacob_hair/vendor/laravel/framework/src/Illuminate/Pipeline/Pipeline.php(101): call_user_func(Object(Closure), Object(Illuminate\Http\Request))
#16 /Users/bauwils/Documents/Local_host/Jacob_hair/vendor/laravel/framework/src/Illuminate/Routing/ControllerDispatcher.php(108): Illuminate\Pipeline\Pipeline->then(Object(Closure))
#17 /Users/bauwils/Documents/Local_host/Jacob_hair/vendor/laravel/framework/src/Illuminate/Routing/ControllerDispatcher.php(67): Illuminate\Routing\ControllerDispatcher->callWithinStack(Object(Cms\Classes\CmsController), Object(Illuminate\Routing\Route), Object(Illuminate\Http\Request), 'run')
#18 /Users/bauwils/Documents/Local_host/Jacob_hair/vendor/laravel/framework/src/Illuminate/Routing/Route.php(204): Illuminate\Routing\ControllerDispatcher->dispatch(Object(Illuminate\Routing\Route), Object(Illuminate\Http\Request), 'Cms\\Classes\\Cms...', 'run')
#19 /Users/bauwils/Documents/Local_host/Jacob_hair/vendor/laravel/framework/src/Illuminate/Routing/Route.php(134): Illuminate\Routing\Route->runWithCustomDispatcher(Object(Illuminate\Http\Request))
#20 /Users/bauwils/Documents/Local_host/Jacob_hair/vendor/laravel/framework/src/Illuminate/Routing/Router.php(701): Illuminate\Routing\Route->run(Object(Illuminate\Http\Request))
#21 [internal function]: Illuminate\Routing\Router->Illuminate\Routing\{closure}(Object(Illuminate\Http\Request))
#22 /Users/bauwils/Documents/Local_host/Jacob_hair/vendor/laravel/framework/src/Illuminate/Pipeline/Pipeline.php(141): call_user_func(Object(Closure), Object(Illuminate\Http\Request))
#23 [internal function]: Illuminate\Pipeline\Pipeline->Illuminate\Pipeline\{closure}(Object(Illuminate\Http\Request))
#24 /Users/bauwils/Documents/Local_host/Jacob_hair/vendor/laravel/framework/src/Illuminate/Pipeline/Pipeline.php(101): call_user_func(Object(Closure), Object(Illuminate\Http\Request))
#25 /Users/bauwils/Documents/Local_host/Jacob_hair/vendor/laravel/framework/src/Illuminate/Routing/Router.php(703): Illuminate\Pipeline\Pipeline->then(Object(Closure))
#26 /Users/bauwils/Documents/Local_host/Jacob_hair/vendor/laravel/framework/src/Illuminate/Routing/Router.php(670): Illuminate\Routing\Router->runRouteWithinStack(Object(Illuminate\Routing\Route), Object(Illuminate\Http\Request))
#27 /Users/bauwils/Documents/Local_host/Jacob_hair/vendor/laravel/framework/src/Illuminate/Routing/Router.php(628): Illuminate\Routing\Router->dispatchToRoute(Object(Illuminate\Http\Request))
#28 /Users/bauwils/Documents/Local_host/Jacob_hair/vendor/laravel/framework/src/Illuminate/Foundation/Http/Kernel.php(214): Illuminate\Routing\Router->dispatch(Object(Illuminate\Http\Request))
#29 [internal function]: Illuminate\Foundation\Http\Kernel->Illuminate\Foundation\Http\{closure}(Object(Illuminate\Http\Request))
#30 /Users/bauwils/Documents/Local_host/Jacob_hair/vendor/laravel/framework/src/Illuminate/Pipeline/Pipeline.php(141): call_user_func(Object(Closure), Object(Illuminate\Http\Request))
#31 /Users/bauwils/Documents/Local_host/Jacob_hair/vendor/laravel/framework/src/Illuminate/View/Middleware/ShareErrorsFromSession.php(55): Illuminate\Pipeline\Pipeline->Illuminate\Pipeline\{closure}(Object(Illuminate\Http\Request))
#32 /Users/bauwils/Documents/Local_host/Jacob_hair/vendor/laravel/framework/src/Illuminate/Pipeline/Pipeline.php(125): Illuminate\View\Middleware\ShareErrorsFromSession->handle(Object(Illuminate\Http\Request), Object(Closure))
#33 /Users/bauwils/Documents/Local_host/Jacob_hair/vendor/laravel/framework/src/Illuminate/Session/Middleware/StartSession.php(61): Illuminate\Pipeline\Pipeline->Illuminate\Pipeline\{closure}(Object(Illuminate\Http\Request))
#34 /Users/bauwils/Documents/Local_host/Jacob_hair/vendor/laravel/framework/src/Illuminate/Pipeline/Pipeline.php(125): Illuminate\Session\Middleware\StartSession->handle(Object(Illuminate\Http\Request), Object(Closure))
#35 /Users/bauwils/Documents/Local_host/Jacob_hair/vendor/laravel/framework/src/Illuminate/Cookie/Middleware/AddQueuedCookiesToResponse.php(36): Illuminate\Pipeline\Pipeline->Illuminate\Pipeline\{closure}(Object(Illuminate\Http\Request))
#36 /Users/bauwils/Documents/Local_host/Jacob_hair/vendor/laravel/framework/src/Illuminate/Pipeline/Pipeline.php(125): Illuminate\Cookie\Middleware\AddQueuedCookiesToResponse->handle(Object(Illuminate\Http\Request), Object(Closure))
#37 /Users/bauwils/Documents/Local_host/Jacob_hair/vendor/laravel/framework/src/Illuminate/Cookie/Middleware/EncryptCookies.php(40): Illuminate\Pipeline\Pipeline->Illuminate\Pipeline\{closure}(Object(Illuminate\Http\Request))
#38 /Users/bauwils/Documents/Local_host/Jacob_hair/vendor/laravel/framework/src/Illuminate/Pipeline/Pipeline.php(125): Illuminate\Cookie\Middleware\EncryptCookies->handle(Object(Illuminate\Http\Request), Object(Closure))
#39 /Users/bauwils/Documents/Local_host/Jacob_hair/vendor/laravel/framework/src/Illuminate/Foundation/Http/Middleware/CheckForMaintenanceMode.php(42): Illuminate\Pipeline\Pipeline->Illuminate\Pipeline\{closure}(Object(Illuminate\Http\Request))
#40 /Users/bauwils/Documents/Local_host/Jacob_hair/vendor/laravel/framework/src/Illuminate/Pipeline/Pipeline.php(125): Illuminate\Foundation\Http\Middleware\CheckForMaintenanceMode->handle(Object(Illuminate\Http\Request), Object(Closure))
#41 [internal function]: Illuminate\Pipeline\Pipeline->Illuminate\Pipeline\{closure}(Object(Illuminate\Http\Request))
#42 /Users/bauwils/Documents/Local_host/Jacob_hair/vendor/laravel/framework/src/Illuminate/Pipeline/Pipeline.php(101): call_user_func(Object(Closure), Object(Illuminate\Http\Request))
#43 /Users/bauwils/Documents/Local_host/Jacob_hair/vendor/laravel/framework/src/Illuminate/Foundation/Http/Kernel.php(115): Illuminate\Pipeline\Pipeline->then(Object(Closure))
#44 /Users/bauwils/Documents/Local_host/Jacob_hair/vendor/laravel/framework/src/Illuminate/Foundation/Http/Kernel.php(84): Illuminate\Foundation\Http\Kernel->sendRequestThroughRouter(Object(Illuminate\Http\Request))
#45 /Users/bauwils/Documents/Local_host/Jacob_hair/index.php(44): Illuminate\Foundation\Http\Kernel->handle(Object(Illuminate\Http\Request))
#46 {main}

Next exception 'Twig_Error_Runtime' with message 'An exception has been thrown during the rendering of a template ("The partial 'home/tiles' is not found.") in "/Users/bauwils/Documents/Local_host/Jacob_hair/themes/jacob_hair/layouts/Home.htm" at line 36.' in /Users/bauwils/Documents/Local_host/Jacob_hair/vendor/twig/twig/lib/Twig/Template.php:396
Stack trace:
#0 /Users/bauwils/Documents/Local_host/Jacob_hair/vendor/twig/twig/lib/Twig/Template.php(355): Twig_Template->displayWithErrorHandling(Array, Array)
#1 /Users/bauwils/Documents/Local_host/Jacob_hair/vendor/twig/twig/lib/Twig/Template.php(366): Twig_Template->display(Array)
#2 /Users/bauwils/Documents/Local_host/Jacob_hair/modules/cms/Classes/Controller.php(380): Twig_Template->render(Array)
#3 /Users/bauwils/Documents/Local_host/Jacob_hair/modules/cms/Classes/Controller.php(208): Cms\Classes\Controller->runPage(Object(Cms\Classes\Page))
#4 /Users/bauwils/Documents/Local_host/Jacob_hair/modules/cms/Classes/CmsController.php(47): Cms\Classes\Controller->run('/')
#5 [internal function]: Cms\Classes\CmsController->run('/')
#6 /Users/bauwils/Documents/Local_host/Jacob_hair/vendor/laravel/framework/src/Illuminate/Routing/Controller.php(246): call_user_func_array(Array, Array)
#7 /Users/bauwils/Documents/Local_host/Jacob_hair/vendor/laravel/framework/src/Illuminate/Routing/ControllerDispatcher.php(162): Illuminate\Routing\Controller->callAction('run', Array)
#8 /Users/bauwils/Documents/Local_host/Jacob_hair/vendor/laravel/framework/src/Illuminate/Routing/ControllerDispatcher.php(107): Illuminate\Routing\ControllerDispatcher->call(Object(Cms\Classes\CmsController), Object(Illuminate\Routing\Route), 'run')
#9 [internal function]: Illuminate\Routing\ControllerDispatcher->Illuminate\Routing\{closure}(Object(Illuminate\Http\Request))
#10 /Users/bauwils/Documents/Local_host/Jacob_hair/vendor/laravel/framework/src/Illuminate/Pipeline/Pipeline.php(141): call_user_func(Object(Closure), Object(Illuminate\Http\Request))
#11 [internal function]: Illuminate\Pipeline\Pipeline->Illuminate\Pipeline\{closure}(Object(Illuminate\Http\Request))
#12 /Users/bauwils/Documents/Local_host/Jacob_hair/vendor/laravel/framework/src/Illuminate/Pipeline/Pipeline.php(101): call_user_func(Object(Closure), Object(Illuminate\Http\Request))
#13 /Users/bauwils/Documents/Local_host/Jacob_hair/vendor/laravel/framework/src/Illuminate/Routing/ControllerDispatcher.php(108): Illuminate\Pipeline\Pipeline->then(Object(Closure))
#14 /Users/bauwils/Documents/Local_host/Jacob_hair/vendor/laravel/framework/src/Illuminate/Routing/ControllerDispatcher.php(67): Illuminate\Routing\ControllerDispatcher->callWithinStack(Object(Cms\Classes\CmsController), Object(Illuminate\Routing\Route), Object(Illuminate\Http\Request), 'run')
#15 /Users/bauwils/Documents/Local_host/Jacob_hair/vendor/laravel/framework/src/Illuminate/Routing/Route.php(204): Illuminate\Routing\ControllerDispatcher->dispatch(Object(Illuminate\Routing\Route), Object(Illuminate\Http\Request), 'Cms\\Classes\\Cms...', 'run')
#16 /Users/bauwils/Documents/Local_host/Jacob_hair/vendor/laravel/framework/src/Illuminate/Routing/Route.php(134): Illuminate\Routing\Route->runWithCustomDispatcher(Object(Illuminate\Http\Request))
#17 /Users/bauwils/Documents/Local_host/Jacob_hair/vendor/laravel/framework/src/Illuminate/Routing/Router.php(701): Illuminate\Routing\Route->run(Object(Illuminate\Http\Request))
#18 [internal function]: Illuminate\Routing\Router->Illuminate\Routing\{closure}(Object(Illuminate\Http\Request))
#19 /Users/bauwils/Documents/Local_host/Jacob_hair/vendor/laravel/framework/src/Illuminate/Pipeline/Pipeline.php(141): call_user_func(Object(Closure), Object(Illuminate\Http\Request))
#20 [internal function]: Illuminate\Pipeline\Pipeline->Illuminate\Pipeline\{closure}(Object(Illuminate\Http\Request))
#21 /Users/bauwils/Documents/Local_host/Jacob_hair/vendor/laravel/framework/src/Illuminate/Pipeline/Pipeline.php(101): call_user_func(Object(Closure), Object(Illuminate\Http\Request))
#22 /Users/bauwils/Documents/Local_host/Jacob_hair/vendor/laravel/framework/src/Illuminate/Routing/Router.php(703): Illuminate\Pipeline\Pipeline->then(Object(Closure))
#23 /Users/bauwils/Documents/Local_host/Jacob_hair/vendor/laravel/framework/src/Illuminate/Routing/Router.php(670): Illuminate\Routing\Router->runRouteWithinStack(Object(Illuminate\Routing\Route), Object(Illuminate\Http\Request))
#24 /Users/bauwils/Documents/Local_host/Jacob_hair/vendor/laravel/framework/src/Illuminate/Routing/Router.php(628): Illuminate\Routing\Router->dispatchToRoute(Object(Illuminate\Http\Request))
#25 /Users/bauwils/Documents/Local_host/Jacob_hair/vendor/laravel/framework/src/Illuminate/Foundation/Http/Kernel.php(214): Illuminate\Routing\Router->dispatch(Object(Illuminate\Http\Request))
#26 [internal function]: Illuminate\Foundation\Http\Kernel->Illuminate\Foundation\Http\{closure}(Object(Illuminate\Http\Request))
#27 /Users/bauwils/Documents/Local_host/Jacob_hair/vendor/laravel/framework/src/Illuminate/Pipeline/Pipeline.php(141): call_user_func(Object(Closure), Object(Illuminate\Http\Request))
#28 /Users/bauwils/Documents/Local_host/Jacob_hair/vendor/laravel/framework/src/Illuminate/View/Middleware/ShareErrorsFromSession.php(55): Illuminate\Pipeline\Pipeline->Illuminate\Pipeline\{closure}(Object(Illuminate\Http\Request))
#29 /Users/bauwils/Documents/Local_host/Jacob_hair/vendor/laravel/framework/src/Illuminate/Pipeline/Pipeline.php(125): Illuminate\View\Middleware\ShareErrorsFromSession->handle(Object(Illuminate\Http\Request), Object(Closure))
#30 /Users/bauwils/Documents/Local_host/Jacob_hair/vendor/laravel/framework/src/Illuminate/Session/Middleware/StartSession.php(61): Illuminate\Pipeline\Pipeline->Illuminate\Pipeline\{closure}(Object(Illuminate\Http\Request))
#31 /Users/bauwils/Documents/Local_host/Jacob_hair/vendor/laravel/framework/src/Illuminate/Pipeline/Pipeline.php(125): Illuminate\Session\Middleware\StartSession->handle(Object(Illuminate\Http\Request), Object(Closure))
#32 /Users/bauwils/Documents/Local_host/Jacob_hair/vendor/laravel/framework/src/Illuminate/Cookie/Middleware/AddQueuedCookiesToResponse.php(36): Illuminate\Pipeline\Pipeline->Illuminate\Pipeline\{closure}(Object(Illuminate\Http\Request))
#33 /Users/bauwils/Documents/Local_host/Jacob_hair/vendor/laravel/framework/src/Illuminate/Pipeline/Pipeline.php(125): Illuminate\Cookie\Middleware\AddQueuedCookiesToResponse->handle(Object(Illuminate\Http\Request), Object(Closure))
#34 /Users/bauwils/Documents/Local_host/Jacob_hair/vendor/laravel/framework/src/Illuminate/Cookie/Middleware/EncryptCookies.php(40): Illuminate\Pipeline\Pipeline->Illuminate\Pipeline\{closure}(Object(Illuminate\Http\Request))
#35 /Users/bauwils/Documents/Local_host/Jacob_hair/vendor/laravel/framework/src/Illuminate/Pipeline/Pipeline.php(125): Illuminate\Cookie\Middleware\EncryptCookies->handle(Object(Illuminate\Http\Request), Object(Closure))
#36 /Users/bauwils/Documents/Local_host/Jacob_hair/vendor/laravel/framework/src/Illuminate/Foundation/Http/Middleware/CheckForMaintenanceMode.php(42): Illuminate\Pipeline\Pipeline->Illuminate\Pipeline\{closure}(Object(Illuminate\Http\Request))
#37 /Users/bauwils/Documents/Local_host/Jacob_hair/vendor/laravel/framework/src/Illuminate/Pipeline/Pipeline.php(125): Illuminate\Foundation\Http\Middleware\CheckForMaintenanceMode->handle(Object(Illuminate\Http\Request), Object(Closure))
#38 [internal function]: Illuminate\Pipeline\Pipeline->Illuminate\Pipeline\{closure}(Object(Illuminate\Http\Request))
#39 /Users/bauwils/Documents/Local_host/Jacob_hair/vendor/laravel/framework/src/Illuminate/Pipeline/Pipeline.php(101): call_user_func(Object(Closure), Object(Illuminate\Http\Request))
#40 /Users/bauwils/Documents/Local_host/Jacob_hair/vendor/laravel/framework/src/Illuminate/Foundation/Http/Kernel.php(115): Illuminate\Pipeline\Pipeline->then(Object(Closure))
#41 /Users/bauwils/Documents/Local_host/Jacob_hair/vendor/laravel/framework/src/Illuminate/Foundation/Http/Kernel.php(84): Illuminate\Foundation\Http\Kernel->sendRequestThroughRouter(Object(Illuminate\Http\Request))
#42 /Users/bauwils/Documents/Local_host/Jacob_hair/index.php(44): Illuminate\Foundation\Http\Kernel->handle(Object(Illuminate\Http\Request))
#43 {main}  
[2016-01-26 09:02:58] production.ERROR: exception 'PDOException' with message 'SQLSTATE[42S02]: Base table or view not found: 1146 Table 'jacobhair.system_request_logs' doesn't exist' in /Users/jofrysutanto/Documents/htdocs/jacob/vendor/laravel/framework/src/Illuminate/Database/Connection.php:292
Stack trace:
#0 /Users/jofrysutanto/Documents/htdocs/jacob/vendor/laravel/framework/src/Illuminate/Database/Connection.php(292): PDO->prepare('select * from `...')
#1 /Users/jofrysutanto/Documents/htdocs/jacob/vendor/laravel/framework/src/Illuminate/Database/Connection.php(616): Illuminate\Database\Connection->Illuminate\Database\{closure}(Object(Illuminate\Database\MySqlConnection), 'select * from `...', Array)
#2 /Users/jofrysutanto/Documents/htdocs/jacob/vendor/laravel/framework/src/Illuminate/Database/Connection.php(580): Illuminate\Database\Connection->runQueryCallback('select * from `...', Array, Object(Closure))
#3 /Users/jofrysutanto/Documents/htdocs/jacob/vendor/laravel/framework/src/Illuminate/Database/Connection.php(297): Illuminate\Database\Connection->run('select * from `...', Array, Object(Closure))
#4 /Users/jofrysutanto/Documents/htdocs/jacob/vendor/laravel/framework/src/Illuminate/Database/Query/Builder.php(1377): Illuminate\Database\Connection->select('select * from `...', Array, true)
#5 /Users/jofrysutanto/Documents/htdocs/jacob/vendor/laravel/framework/src/Illuminate/Database/Query/Builder.php(1367): Illuminate\Database\Query\Builder->runSelect()
#6 /Users/jofrysutanto/Documents/htdocs/jacob/vendor/laravel/framework/src/Illuminate/Database/Query/Builder.php(1354): Illuminate\Database\Query\Builder->getFresh(Array)
#7 /Users/jofrysutanto/Documents/htdocs/jacob/vendor/october/rain/src/Database/QueryBuilder.php(75): Illuminate\Database\Query\Builder->get(Array)
#8 /Users/jofrysutanto/Documents/htdocs/jacob/vendor/laravel/framework/src/Illuminate/Database/Eloquent/Builder.php(380): October\Rain\Database\QueryBuilder->get(Array)
#9 /Users/jofrysutanto/Documents/htdocs/jacob/vendor/laravel/framework/src/Illuminate/Database/Eloquent/Builder.php(162): Illuminate\Database\Eloquent\Builder->getModels(Array)
#10 /Users/jofrysutanto/Documents/htdocs/jacob/vendor/laravel/framework/src/Illuminate/Database/Eloquent/Builder.php(136): Illuminate\Database\Eloquent\Builder->get(Array)
#11 /Users/jofrysutanto/Documents/htdocs/jacob/vendor/laravel/framework/src/Illuminate/Database/Eloquent/Model.php(577): Illuminate\Database\Eloquent\Builder->first()
#12 /Users/jofrysutanto/Documents/htdocs/jacob/modules/system/Models/RequestLog.php(41): Illuminate\Database\Eloquent\Model::firstOrNew(Array)
#13 /Users/jofrysutanto/Documents/htdocs/jacob/modules/cms/Classes/Controller.php(197): System\Models\RequestLog::add()
#14 /Users/jofrysutanto/Documents/htdocs/jacob/modules/cms/Classes/CmsController.php(47): Cms\Classes\Controller->run('favicon.ico')
#15 [internal function]: Cms\Classes\CmsController->run('favicon.ico')
#16 /Users/jofrysutanto/Documents/htdocs/jacob/vendor/laravel/framework/src/Illuminate/Routing/Controller.php(246): call_user_func_array(Array, Array)
#17 /Users/jofrysutanto/Documents/htdocs/jacob/vendor/laravel/framework/src/Illuminate/Routing/ControllerDispatcher.php(162): Illuminate\Routing\Controller->callAction('run', Array)
#18 /Users/jofrysutanto/Documents/htdocs/jacob/vendor/laravel/framework/src/Illuminate/Routing/ControllerDispatcher.php(107): Illuminate\Routing\ControllerDispatcher->call(Object(Cms\Classes\CmsController), Object(Illuminate\Routing\Route), 'run')
#19 [internal function]: Illuminate\Routing\ControllerDispatcher->Illuminate\Routing\{closure}(Object(Illuminate\Http\Request))
#20 /Users/jofrysutanto/Documents/htdocs/jacob/vendor/laravel/framework/src/Illuminate/Pipeline/Pipeline.php(141): call_user_func(Object(Closure), Object(Illuminate\Http\Request))
#21 [internal function]: Illuminate\Pipeline\Pipeline->Illuminate\Pipeline\{closure}(Object(Illuminate\Http\Request))
#22 /Users/jofrysutanto/Documents/htdocs/jacob/vendor/laravel/framework/src/Illuminate/Pipeline/Pipeline.php(101): call_user_func(Object(Closure), Object(Illuminate\Http\Request))
#23 /Users/jofrysutanto/Documents/htdocs/jacob/vendor/laravel/framework/src/Illuminate/Routing/ControllerDispatcher.php(108): Illuminate\Pipeline\Pipeline->then(Object(Closure))
#24 /Users/jofrysutanto/Documents/htdocs/jacob/vendor/laravel/framework/src/Illuminate/Routing/ControllerDispatcher.php(67): Illuminate\Routing\ControllerDispatcher->callWithinStack(Object(Cms\Classes\CmsController), Object(Illuminate\Routing\Route), Object(Illuminate\Http\Request), 'run')
#25 /Users/jofrysutanto/Documents/htdocs/jacob/vendor/laravel/framework/src/Illuminate/Routing/Route.php(204): Illuminate\Routing\ControllerDispatcher->dispatch(Object(Illuminate\Routing\Route), Object(Illuminate\Http\Request), 'Cms\\Classes\\Cms...', 'run')
#26 /Users/jofrysutanto/Documents/htdocs/jacob/vendor/laravel/framework/src/Illuminate/Routing/Route.php(134): Illuminate\Routing\Route->runWithCustomDispatcher(Object(Illuminate\Http\Request))
#27 /Users/jofrysutanto/Documents/htdocs/jacob/vendor/laravel/framework/src/Illuminate/Routing/Router.php(701): Illuminate\Routing\Route->run(Object(Illuminate\Http\Request))
#28 [internal function]: Illuminate\Routing\Router->Illuminate\Routing\{closure}(Object(Illuminate\Http\Request))
#29 /Users/jofrysutanto/Documents/htdocs/jacob/vendor/laravel/framework/src/Illuminate/Pipeline/Pipeline.php(141): call_user_func(Object(Closure), Object(Illuminate\Http\Request))
#30 [internal function]: Illuminate\Pipeline\Pipeline->Illuminate\Pipeline\{closure}(Object(Illuminate\Http\Request))
#31 /Users/jofrysutanto/Documents/htdocs/jacob/vendor/laravel/framework/src/Illuminate/Pipeline/Pipeline.php(101): call_user_func(Object(Closure), Object(Illuminate\Http\Request))
#32 /Users/jofrysutanto/Documents/htdocs/jacob/vendor/laravel/framework/src/Illuminate/Routing/Router.php(703): Illuminate\Pipeline\Pipeline->then(Object(Closure))
#33 /Users/jofrysutanto/Documents/htdocs/jacob/vendor/laravel/framework/src/Illuminate/Routing/Router.php(670): Illuminate\Routing\Router->runRouteWithinStack(Object(Illuminate\Routing\Route), Object(Illuminate\Http\Request))
#34 /Users/jofrysutanto/Documents/htdocs/jacob/vendor/laravel/framework/src/Illuminate/Routing/Router.php(628): Illuminate\Routing\Router->dispatchToRoute(Object(Illuminate\Http\Request))
#35 /Users/jofrysutanto/Documents/htdocs/jacob/vendor/laravel/framework/src/Illuminate/Foundation/Http/Kernel.php(214): Illuminate\Routing\Router->dispatch(Object(Illuminate\Http\Request))
#36 [internal function]: Illuminate\Foundation\Http\Kernel->Illuminate\Foundation\Http\{closure}(Object(Illuminate\Http\Request))
#37 /Users/jofrysutanto/Documents/htdocs/jacob/vendor/laravel/framework/src/Illuminate/Pipeline/Pipeline.php(141): call_user_func(Object(Closure), Object(Illuminate\Http\Request))
#38 /Users/jofrysutanto/Documents/htdocs/jacob/vendor/laravel/framework/src/Illuminate/View/Middleware/ShareErrorsFromSession.php(55): Illuminate\Pipeline\Pipeline->Illuminate\Pipeline\{closure}(Object(Illuminate\Http\Request))
#39 /Users/jofrysutanto/Documents/htdocs/jacob/vendor/laravel/framework/src/Illuminate/Pipeline/Pipeline.php(125): Illuminate\View\Middleware\ShareErrorsFromSession->handle(Object(Illuminate\Http\Request), Object(Closure))
#40 /Users/jofrysutanto/Documents/htdocs/jacob/vendor/laravel/framework/src/Illuminate/Session/Middleware/StartSession.php(61): Illuminate\Pipeline\Pipeline->Illuminate\Pipeline\{closure}(Object(Illuminate\Http\Request))
#41 /Users/jofrysutanto/Documents/htdocs/jacob/vendor/laravel/framework/src/Illuminate/Pipeline/Pipeline.php(125): Illuminate\Session\Middleware\StartSession->handle(Object(Illuminate\Http\Request), Object(Closure))
#42 /Users/jofrysutanto/Documents/htdocs/jacob/vendor/laravel/framework/src/Illuminate/Cookie/Middleware/AddQueuedCookiesToResponse.php(36): Illuminate\Pipeline\Pipeline->Illuminate\Pipeline\{closure}(Object(Illuminate\Http\Request))
#43 /Users/jofrysutanto/Documents/htdocs/jacob/vendor/laravel/framework/src/Illuminate/Pipeline/Pipeline.php(125): Illuminate\Cookie\Middleware\AddQueuedCookiesToResponse->handle(Object(Illuminate\Http\Request), Object(Closure))
#44 /Users/jofrysutanto/Documents/htdocs/jacob/vendor/laravel/framework/src/Illuminate/Cookie/Middleware/EncryptCookies.php(40): Illuminate\Pipeline\Pipeline->Illuminate\Pipeline\{closure}(Object(Illuminate\Http\Request))
#45 /Users/jofrysutanto/Documents/htdocs/jacob/vendor/laravel/framework/src/Illuminate/Pipeline/Pipeline.php(125): Illuminate\Cookie\Middleware\EncryptCookies->handle(Object(Illuminate\Http\Request), Object(Closure))
#46 /Users/jofrysutanto/Documents/htdocs/jacob/vendor/laravel/framework/src/Illuminate/Foundation/Http/Middleware/CheckForMaintenanceMode.php(42): Illuminate\Pipeline\Pipeline->Illuminate\Pipeline\{closure}(Object(Illuminate\Http\Request))
#47 /Users/jofrysutanto/Documents/htdocs/jacob/vendor/laravel/framework/src/Illuminate/Pipeline/Pipeline.php(125): Illuminate\Foundation\Http\Middleware\CheckForMaintenanceMode->handle(Object(Illuminate\Http\Request), Object(Closure))
#48 [internal function]: Illuminate\Pipeline\Pipeline->Illuminate\Pipeline\{closure}(Object(Illuminate\Http\Request))
#49 /Users/jofrysutanto/Documents/htdocs/jacob/vendor/laravel/framework/src/Illuminate/Pipeline/Pipeline.php(101): call_user_func(Object(Closure), Object(Illuminate\Http\Request))
#50 /Users/jofrysutanto/Documents/htdocs/jacob/vendor/laravel/framework/src/Illuminate/Foundation/Http/Kernel.php(115): Illuminate\Pipeline\Pipeline->then(Object(Closure))
#51 /Users/jofrysutanto/Documents/htdocs/jacob/vendor/laravel/framework/src/Illuminate/Foundation/Http/Kernel.php(84): Illuminate\Foundation\Http\Kernel->sendRequestThroughRouter(Object(Illuminate\Http\Request))
#52 /Users/jofrysutanto/Documents/htdocs/jacob/index.php(44): Illuminate\Foundation\Http\Kernel->handle(Object(Illuminate\Http\Request))
#53 {main}

Next exception 'Illuminate\Database\QueryException' with message 'SQLSTATE[42S02]: Base table or view not found: 1146 Table 'jacobhair.system_request_logs' doesn't exist (SQL: select * from `system_request_logs` where (`url` = http://jacob.local/favicon.ico and `status_code` = 404) limit 1)' in /Users/jofrysutanto/Documents/htdocs/jacob/vendor/laravel/framework/src/Illuminate/Database/Connection.php:624
Stack trace:
#0 /Users/jofrysutanto/Documents/htdocs/jacob/vendor/laravel/framework/src/Illuminate/Database/Connection.php(580): Illuminate\Database\Connection->runQueryCallback('select * from `...', Array, Object(Closure))
#1 /Users/jofrysutanto/Documents/htdocs/jacob/vendor/laravel/framework/src/Illuminate/Database/Connection.php(297): Illuminate\Database\Connection->run('select * from `...', Array, Object(Closure))
#2 /Users/jofrysutanto/Documents/htdocs/jacob/vendor/laravel/framework/src/Illuminate/Database/Query/Builder.php(1377): Illuminate\Database\Connection->select('select * from `...', Array, true)
#3 /Users/jofrysutanto/Documents/htdocs/jacob/vendor/laravel/framework/src/Illuminate/Database/Query/Builder.php(1367): Illuminate\Database\Query\Builder->runSelect()
#4 /Users/jofrysutanto/Documents/htdocs/jacob/vendor/laravel/framework/src/Illuminate/Database/Query/Builder.php(1354): Illuminate\Database\Query\Builder->getFresh(Array)
#5 /Users/jofrysutanto/Documents/htdocs/jacob/vendor/october/rain/src/Database/QueryBuilder.php(75): Illuminate\Database\Query\Builder->get(Array)
#6 /Users/jofrysutanto/Documents/htdocs/jacob/vendor/laravel/framework/src/Illuminate/Database/Eloquent/Builder.php(380): October\Rain\Database\QueryBuilder->get(Array)
#7 /Users/jofrysutanto/Documents/htdocs/jacob/vendor/laravel/framework/src/Illuminate/Database/Eloquent/Builder.php(162): Illuminate\Database\Eloquent\Builder->getModels(Array)
#8 /Users/jofrysutanto/Documents/htdocs/jacob/vendor/laravel/framework/src/Illuminate/Database/Eloquent/Builder.php(136): Illuminate\Database\Eloquent\Builder->get(Array)
#9 /Users/jofrysutanto/Documents/htdocs/jacob/vendor/laravel/framework/src/Illuminate/Database/Eloquent/Model.php(577): Illuminate\Database\Eloquent\Builder->first()
#10 /Users/jofrysutanto/Documents/htdocs/jacob/modules/system/Models/RequestLog.php(41): Illuminate\Database\Eloquent\Model::firstOrNew(Array)
#11 /Users/jofrysutanto/Documents/htdocs/jacob/modules/cms/Classes/Controller.php(197): System\Models\RequestLog::add()
#12 /Users/jofrysutanto/Documents/htdocs/jacob/modules/cms/Classes/CmsController.php(47): Cms\Classes\Controller->run('favicon.ico')
#13 [internal function]: Cms\Classes\CmsController->run('favicon.ico')
#14 /Users/jofrysutanto/Documents/htdocs/jacob/vendor/laravel/framework/src/Illuminate/Routing/Controller.php(246): call_user_func_array(Array, Array)
#15 /Users/jofrysutanto/Documents/htdocs/jacob/vendor/laravel/framework/src/Illuminate/Routing/ControllerDispatcher.php(162): Illuminate\Routing\Controller->callAction('run', Array)
#16 /Users/jofrysutanto/Documents/htdocs/jacob/vendor/laravel/framework/src/Illuminate/Routing/ControllerDispatcher.php(107): Illuminate\Routing\ControllerDispatcher->call(Object(Cms\Classes\CmsController), Object(Illuminate\Routing\Route), 'run')
#17 [internal function]: Illuminate\Routing\ControllerDispatcher->Illuminate\Routing\{closure}(Object(Illuminate\Http\Request))
#18 /Users/jofrysutanto/Documents/htdocs/jacob/vendor/laravel/framework/src/Illuminate/Pipeline/Pipeline.php(141): call_user_func(Object(Closure), Object(Illuminate\Http\Request))
#19 [internal function]: Illuminate\Pipeline\Pipeline->Illuminate\Pipeline\{closure}(Object(Illuminate\Http\Request))
#20 /Users/jofrysutanto/Documents/htdocs/jacob/vendor/laravel/framework/src/Illuminate/Pipeline/Pipeline.php(101): call_user_func(Object(Closure), Object(Illuminate\Http\Request))
#21 /Users/jofrysutanto/Documents/htdocs/jacob/vendor/laravel/framework/src/Illuminate/Routing/ControllerDispatcher.php(108): Illuminate\Pipeline\Pipeline->then(Object(Closure))
#22 /Users/jofrysutanto/Documents/htdocs/jacob/vendor/laravel/framework/src/Illuminate/Routing/ControllerDispatcher.php(67): Illuminate\Routing\ControllerDispatcher->callWithinStack(Object(Cms\Classes\CmsController), Object(Illuminate\Routing\Route), Object(Illuminate\Http\Request), 'run')
#23 /Users/jofrysutanto/Documents/htdocs/jacob/vendor/laravel/framework/src/Illuminate/Routing/Route.php(204): Illuminate\Routing\ControllerDispatcher->dispatch(Object(Illuminate\Routing\Route), Object(Illuminate\Http\Request), 'Cms\\Classes\\Cms...', 'run')
#24 /Users/jofrysutanto/Documents/htdocs/jacob/vendor/laravel/framework/src/Illuminate/Routing/Route.php(134): Illuminate\Routing\Route->runWithCustomDispatcher(Object(Illuminate\Http\Request))
#25 /Users/jofrysutanto/Documents/htdocs/jacob/vendor/laravel/framework/src/Illuminate/Routing/Router.php(701): Illuminate\Routing\Route->run(Object(Illuminate\Http\Request))
#26 [internal function]: Illuminate\Routing\Router->Illuminate\Routing\{closure}(Object(Illuminate\Http\Request))
#27 /Users/jofrysutanto/Documents/htdocs/jacob/vendor/laravel/framework/src/Illuminate/Pipeline/Pipeline.php(141): call_user_func(Object(Closure), Object(Illuminate\Http\Request))
#28 [internal function]: Illuminate\Pipeline\Pipeline->Illuminate\Pipeline\{closure}(Object(Illuminate\Http\Request))
#29 /Users/jofrysutanto/Documents/htdocs/jacob/vendor/laravel/framework/src/Illuminate/Pipeline/Pipeline.php(101): call_user_func(Object(Closure), Object(Illuminate\Http\Request))
#30 /Users/jofrysutanto/Documents/htdocs/jacob/vendor/laravel/framework/src/Illuminate/Routing/Router.php(703): Illuminate\Pipeline\Pipeline->then(Object(Closure))
#31 /Users/jofrysutanto/Documents/htdocs/jacob/vendor/laravel/framework/src/Illuminate/Routing/Router.php(670): Illuminate\Routing\Router->runRouteWithinStack(Object(Illuminate\Routing\Route), Object(Illuminate\Http\Request))
#32 /Users/jofrysutanto/Documents/htdocs/jacob/vendor/laravel/framework/src/Illuminate/Routing/Router.php(628): Illuminate\Routing\Router->dispatchToRoute(Object(Illuminate\Http\Request))
#33 /Users/jofrysutanto/Documents/htdocs/jacob/vendor/laravel/framework/src/Illuminate/Foundation/Http/Kernel.php(214): Illuminate\Routing\Router->dispatch(Object(Illuminate\Http\Request))
#34 [internal function]: Illuminate\Foundation\Http\Kernel->Illuminate\Foundation\Http\{closure}(Object(Illuminate\Http\Request))
#35 /Users/jofrysutanto/Documents/htdocs/jacob/vendor/laravel/framework/src/Illuminate/Pipeline/Pipeline.php(141): call_user_func(Object(Closure), Object(Illuminate\Http\Request))
#36 /Users/jofrysutanto/Documents/htdocs/jacob/vendor/laravel/framework/src/Illuminate/View/Middleware/ShareErrorsFromSession.php(55): Illuminate\Pipeline\Pipeline->Illuminate\Pipeline\{closure}(Object(Illuminate\Http\Request))
#37 /Users/jofrysutanto/Documents/htdocs/jacob/vendor/laravel/framework/src/Illuminate/Pipeline/Pipeline.php(125): Illuminate\View\Middleware\ShareErrorsFromSession->handle(Object(Illuminate\Http\Request), Object(Closure))
#38 /Users/jofrysutanto/Documents/htdocs/jacob/vendor/laravel/framework/src/Illuminate/Session/Middleware/StartSession.php(61): Illuminate\Pipeline\Pipeline->Illuminate\Pipeline\{closure}(Object(Illuminate\Http\Request))
#39 /Users/jofrysutanto/Documents/htdocs/jacob/vendor/laravel/framework/src/Illuminate/Pipeline/Pipeline.php(125): Illuminate\Session\Middleware\StartSession->handle(Object(Illuminate\Http\Request), Object(Closure))
#40 /Users/jofrysutanto/Documents/htdocs/jacob/vendor/laravel/framework/src/Illuminate/Cookie/Middleware/AddQueuedCookiesToResponse.php(36): Illuminate\Pipeline\Pipeline->Illuminate\Pipeline\{closure}(Object(Illuminate\Http\Request))
#41 /Users/jofrysutanto/Documents/htdocs/jacob/vendor/laravel/framework/src/Illuminate/Pipeline/Pipeline.php(125): Illuminate\Cookie\Middleware\AddQueuedCookiesToResponse->handle(Object(Illuminate\Http\Request), Object(Closure))
#42 /Users/jofrysutanto/Documents/htdocs/jacob/vendor/laravel/framework/src/Illuminate/Cookie/Middleware/EncryptCookies.php(40): Illuminate\Pipeline\Pipeline->Illuminate\Pipeline\{closure}(Object(Illuminate\Http\Request))
#43 /Users/jofrysutanto/Documents/htdocs/jacob/vendor/laravel/framework/src/Illuminate/Pipeline/Pipeline.php(125): Illuminate\Cookie\Middleware\EncryptCookies->handle(Object(Illuminate\Http\Request), Object(Closure))
#44 /Users/jofrysutanto/Documents/htdocs/jacob/vendor/laravel/framework/src/Illuminate/Foundation/Http/Middleware/CheckForMaintenanceMode.php(42): Illuminate\Pipeline\Pipeline->Illuminate\Pipeline\{closure}(Object(Illuminate\Http\Request))
#45 /Users/jofrysutanto/Documents/htdocs/jacob/vendor/laravel/framework/src/Illuminate/Pipeline/Pipeline.php(125): Illuminate\Foundation\Http\Middleware\CheckForMaintenanceMode->handle(Object(Illuminate\Http\Request), Object(Closure))
#46 [internal function]: Illuminate\Pipeline\Pipeline->Illuminate\Pipeline\{closure}(Object(Illuminate\Http\Request))
#47 /Users/jofrysutanto/Documents/htdocs/jacob/vendor/laravel/framework/src/Illuminate/Pipeline/Pipeline.php(101): call_user_func(Object(Closure), Object(Illuminate\Http\Request))
#48 /Users/jofrysutanto/Documents/htdocs/jacob/vendor/laravel/framework/src/Illuminate/Foundation/Http/Kernel.php(115): Illuminate\Pipeline\Pipeline->then(Object(Closure))
#49 /Users/jofrysutanto/Documents/htdocs/jacob/vendor/laravel/framework/src/Illuminate/Foundation/Http/Kernel.php(84): Illuminate\Foundation\Http\Kernel->sendRequestThroughRouter(Object(Illuminate\Http\Request))
#50 /Users/jofrysutanto/Documents/htdocs/jacob/index.php(44): Illuminate\Foundation\Http\Kernel->handle(Object(Illuminate\Http\Request))
#51 {main}  
[2016-01-26 09:03:10] production.ERROR: InvalidArgumentException: The "/Users/jofrysutanto/Documents/htdocs/jacob/storage/cms/combiner" directory does not exist. in /Users/jofrysutanto/Documents/htdocs/jacob/vendor/symfony/finder/Symfony/Component/Finder/Finder.php:677
Stack trace:
#0 /Users/jofrysutanto/Documents/htdocs/jacob/vendor/laravel/framework/src/Illuminate/Filesystem/Filesystem.php(314): Symfony\Component\Finder\Finder->in('/Users/jofrysut...')
#1 /Users/jofrysutanto/Documents/htdocs/jacob/vendor/laravel/framework/src/Illuminate/Support/Facades/Facade.php(210): Illuminate\Filesystem\Filesystem->directories('/Users/jofrysut...')
#2 /Users/jofrysutanto/Documents/htdocs/jacob/modules/system/Helpers/Cache.php(32): Illuminate\Support\Facades\Facade::__callStatic('directories', Array)
#3 /Users/jofrysutanto/Documents/htdocs/jacob/modules/system/Helpers/Cache.php(17): System\Helpers\Cache->clearCombiner()
#4 /Users/jofrysutanto/Documents/htdocs/jacob/modules/system/Classes/UpdateManager.php(145): System\Helpers\Cache::clear()
#5 /Users/jofrysutanto/Documents/htdocs/jacob/modules/system/Console/OctoberUp.php(34): System\Classes\UpdateManager->update()
#6 [internal function]: System\Console\OctoberUp->fire()
#7 /Users/jofrysutanto/Documents/htdocs/jacob/vendor/laravel/framework/src/Illuminate/Container/Container.php(526): call_user_func_array(Array, Array)
#8 /Users/jofrysutanto/Documents/htdocs/jacob/vendor/laravel/framework/src/Illuminate/Console/Command.php(115): Illuminate\Container\Container->call(Array)
#9 /Users/jofrysutanto/Documents/htdocs/jacob/vendor/symfony/console/Symfony/Component/Console/Command/Command.php(257): Illuminate\Console\Command->execute(Object(Symfony\Component\Console\Input\ArgvInput), Object(Symfony\Component\Console\Output\ConsoleOutput))
#10 /Users/jofrysutanto/Documents/htdocs/jacob/vendor/laravel/framework/src/Illuminate/Console/Command.php(101): Symfony\Component\Console\Command\Command->run(Object(Symfony\Component\Console\Input\ArgvInput), Object(Symfony\Component\Console\Output\ConsoleOutput))
#11 /Users/jofrysutanto/Documents/htdocs/jacob/vendor/symfony/console/Symfony/Component/Console/Application.php(874): Illuminate\Console\Command->run(Object(Symfony\Component\Console\Input\ArgvInput), Object(Symfony\Component\Console\Output\ConsoleOutput))
#12 /Users/jofrysutanto/Documents/htdocs/jacob/vendor/symfony/console/Symfony/Component/Console/Application.php(195): Symfony\Component\Console\Application->doRunCommand(Object(System\Console\OctoberUp), Object(Symfony\Component\Console\Input\ArgvInput), Object(Symfony\Component\Console\Output\ConsoleOutput))
#13 /Users/jofrysutanto/Documents/htdocs/jacob/vendor/symfony/console/Symfony/Component/Console/Application.php(126): Symfony\Component\Console\Application->doRun(Object(Symfony\Component\Console\Input\ArgvInput), Object(Symfony\Component\Console\Output\ConsoleOutput))
#14 /Users/jofrysutanto/Documents/htdocs/jacob/vendor/laravel/framework/src/Illuminate/Foundation/Console/Kernel.php(94): Symfony\Component\Console\Application->run(Object(Symfony\Component\Console\Input\ArgvInput), Object(Symfony\Component\Console\Output\ConsoleOutput))
#15 /Users/jofrysutanto/Documents/htdocs/jacob/artisan(35): Illuminate\Foundation\Console\Kernel->handle(Object(Symfony\Component\Console\Input\ArgvInput), Object(Symfony\Component\Console\Output\ConsoleOutput))
#16 {main}  
